<?xml version="1.0" encoding="UTF-8" ?>
<testsuite failures="1" time="4.702" errors="0" skipped="0" tests="3" name="ttt.model.dao.UserDaoTest">
  <properties>
    <property name="java.runtime.name" value="Java(TM) SE Runtime Environment"/>
    <property name="sun.boot.library.path" value="C:\Program Files\Java\jdk1.7.0_51\jre\bin"/>
    <property name="java.vm.version" value="24.51-b03"/>
    <property name="java.vm.vendor" value="Oracle Corporation"/>
    <property name="java.vendor.url" value="http://java.oracle.com/"/>
    <property name="path.separator" value=";"/>
    <property name="guice.disable.misplaced.annotation.check" value="true"/>
    <property name="java.vm.name" value="Java HotSpot(TM) 64-Bit Server VM"/>
    <property name="file.encoding.pkg" value="sun.io"/>
    <property name="user.script" value=""/>
    <property name="user.country" value="US"/>
    <property name="sun.java.launcher" value="SUN_STANDARD"/>
    <property name="sun.os.patch.level" value=""/>
    <property name="java.vm.specification.name" value="Java Virtual Machine Specification"/>
    <property name="user.dir" value="E:\CSULA\CS520\520workspace\ttt"/>
    <property name="java.runtime.version" value="1.7.0_51-b13"/>
    <property name="java.awt.graphicsenv" value="sun.awt.Win32GraphicsEnvironment"/>
    <property name="java.endorsed.dirs" value="C:\Program Files\Java\jdk1.7.0_51\jre\lib\endorsed"/>
    <property name="os.arch" value="amd64"/>
    <property name="java.io.tmpdir" value="C:\Users\shree\AppData\Local\Temp\"/>
    <property name="line.separator" value="
"/>
    <property name="java.vm.specification.vendor" value="Oracle Corporation"/>
    <property name="user.variant" value=""/>
    <property name="os.name" value="Windows 8"/>
    <property name="classworlds.conf" value="E:\CSULA\CS520\520workspace\.metadata\.plugins\org.eclipse.m2e.launching\launches\m2conf4312401274943923741.tmp"/>
    <property name="sun.jnu.encoding" value="Cp1252"/>
    <property name="java.library.path" value="C:\Program Files\Java\jdk1.7.0_51\jre\bin;C:\WINDOWS\Sun\Java\bin;C:\WINDOWS\system32;C:\WINDOWS;c:\Program Files (x86)\AMD APP\bin\x86_64;c:\Program Files (x86)\AMD APP\bin\x86;c:\Program Files (x86)\Intel\iCLS Client\;c:\Program Files\Intel\iCLS Client\;C:\WINDOWS\system32;C:\WINDOWS;C:\WINDOWS\System32\Wbem;C:\WINDOWS\System32\WindowsPowerShell\v1.0\;C:\Program Files\Intel\Intel(R) Management Engine Components\DAL;C:\Program Files\Intel\Intel(R) Management Engine Components\IPT;C:\Program Files (x86)\Intel\Intel(R) Management Engine Components\DAL;C:\Program Files (x86)\Intel\Intel(R) Management Engine Components\IPT;C:\Program Files\Intel\WiFi\bin\;C:\Program Files\Common Files\Intel\WirelessCommon\;c:\Program Files (x86)\ATI Technologies\ATI.ACE\Core-Static;C:\Program Files (x86)\Windows Live\Shared;C:\Program Files\Java\jdk1.7.0_40\bin;C:\Program Files (x86)\Nmap;."/>
    <property name="java.specification.name" value="Java Platform API Specification"/>
    <property name="java.class.version" value="51.0"/>
    <property name="sun.management.compiler" value="HotSpot 64-Bit Tiered Compilers"/>
    <property name="os.version" value="6.2"/>
    <property name="user.home" value="C:\Users\shree"/>
    <property name="user.timezone" value="America/Los_Angeles"/>
    <property name="java.awt.printerjob" value="sun.awt.windows.WPrinterJob"/>
    <property name="java.specification.version" value="1.7"/>
    <property name="file.encoding" value="Cp1252"/>
    <property name="user.name" value="Prerana"/>
    <property name="java.class.path" value="/C:/eclipse/configuration/org.eclipse.osgi/bundles/531/1/.cp/jars/plexus-classworlds-2.4.jar"/>
    <property name="java.vm.specification.version" value="1.7"/>
    <property name="sun.arch.data.model" value="64"/>
    <property name="java.home" value="C:\Program Files\Java\jdk1.7.0_51\jre"/>
    <property name="sun.java.command" value="org.codehaus.plexus.classworlds.launcher.Launcher -B package"/>
    <property name="java.specification.vendor" value="Oracle Corporation"/>
    <property name="user.language" value="en"/>
    <property name="awt.toolkit" value="sun.awt.windows.WToolkit"/>
    <property name="java.vm.info" value="mixed mode"/>
    <property name="java.version" value="1.7.0_51"/>
    <property name="java.ext.dirs" value="C:\Program Files\Java\jdk1.7.0_51\jre\lib\ext;C:\WINDOWS\Sun\Java\lib\ext"/>
    <property name="sun.boot.class.path" value="C:\Program Files\Java\jdk1.7.0_51\jre\lib\resources.jar;C:\Program Files\Java\jdk1.7.0_51\jre\lib\rt.jar;C:\Program Files\Java\jdk1.7.0_51\jre\lib\sunrsasign.jar;C:\Program Files\Java\jdk1.7.0_51\jre\lib\jsse.jar;C:\Program Files\Java\jdk1.7.0_51\jre\lib\jce.jar;C:\Program Files\Java\jdk1.7.0_51\jre\lib\charsets.jar;C:\Program Files\Java\jdk1.7.0_51\jre\lib\jfr.jar;C:\Program Files\Java\jdk1.7.0_51\jre\classes"/>
    <property name="java.vendor" value="Oracle Corporation"/>
    <property name="maven.home" value="E:\CSULA\CS520\520workspace\ttt\EMBEDDED"/>
    <property name="file.separator" value="\"/>
    <property name="java.vendor.url.bug" value="http://bugreport.sun.com/bugreport/"/>
    <property name="maven.bootclasspath" value="/C:/eclipse/configuration/org.eclipse.osgi/bundles/531/1/.cp/jars/plexus-classworlds-2.4.jar"/>
    <property name="sun.cpu.endian" value="little"/>
    <property name="sun.io.unicode.encoding" value="UnicodeLittle"/>
    <property name="sun.desktop" value="windows"/>
    <property name="sun.cpu.isalist" value="amd64"/>
  </properties>
  <testcase time="0.259" classname="ttt.model.dao.UserDaoTest" name="getGamesAgainstAI">
    <failure type="java.lang.AssertionError">java.lang.AssertionError
	at ttt.model.dao.UserDaoTest.getGamesAgainstAI(UserDaoTest.java:23)
</failure>
    <system-err>Jun 09, 2014 11:48:50 PM org.springframework.beans.factory.xml.XmlBeanDefinitionReader loadBeanDefinitions
INFO: Loading XML bean definitions from class path resource [applicationContext.xml]
Jun 09, 2014 11:48:51 PM org.springframework.context.support.AbstractApplicationContext prepareRefresh
INFO: Refreshing org.springframework.context.support.GenericApplicationContext@6c2e1e17: startup date [Mon Jun 09 23:48:51 PDT 2014]; root of context hierarchy
Jun 09, 2014 11:48:51 PM org.springframework.context.support.AbstractApplicationContext$BeanPostProcessorChecker postProcessAfterInitialization
INFO: Bean &apos;dataSource&apos; of type [class org.apache.tomcat.jdbc.pool.DataSource] is not eligible for getting processed by all BeanPostProcessors (for example: not eligible for auto-proxying)
Jun 09, 2014 11:48:51 PM org.springframework.orm.jpa.LocalContainerEntityManagerFactoryBean createNativeEntityManagerFactory
INFO: Building JPA container EntityManagerFactory for persistence unit &apos;ttt&apos;
Jun 09, 2014 11:48:51 PM org.hibernate.annotations.common.Version &lt;clinit&gt;
INFO: HCANN000001: Hibernate Commons Annotations {4.0.2.Final}
Jun 09, 2014 11:48:51 PM org.hibernate.Version logVersion
INFO: HHH000412: Hibernate Core {4.2.11.Final}
Jun 09, 2014 11:48:51 PM org.hibernate.cfg.Environment &lt;clinit&gt;
INFO: HHH000206: hibernate.properties not found
Jun 09, 2014 11:48:51 PM org.hibernate.cfg.Environment buildBytecodeProvider
INFO: HHH000021: Bytecode provider name : javassist
Jun 09, 2014 11:48:52 PM org.hibernate.ejb.Ejb3Configuration configure
INFO: HHH000204: Processing PersistenceUnitInfo [
	name: ttt
	...]
Jun 09, 2014 11:48:52 PM org.hibernate.service.jdbc.connections.internal.ConnectionProviderInitiator instantiateExplicitConnectionProvider
INFO: HHH000130: Instantiating explicit connection provider: org.hibernate.ejb.connection.InjectedDataSourceConnectionProvider
Jun 09, 2014 11:48:52 PM org.hibernate.dialect.Dialect &lt;init&gt;
INFO: HHH000400: Using dialect: org.hibernate.dialect.PostgreSQLDialect
Jun 09, 2014 11:48:52 PM org.hibernate.engine.jdbc.internal.LobCreatorBuilder useContextualLobCreation
INFO: HHH000424: Disabling contextual LOB creation as createClob() method threw error : java.lang.reflect.InvocationTargetException
Jun 09, 2014 11:48:52 PM org.hibernate.engine.transaction.internal.TransactionFactoryInitiator initiateService
INFO: HHH000268: Transaction strategy: org.hibernate.engine.transaction.internal.jdbc.JdbcTransactionFactory
Jun 09, 2014 11:48:52 PM org.hibernate.hql.internal.ast.ASTQueryTranslatorFactory &lt;init&gt;
INFO: HHH000397: Using ASTQueryTranslatorFactory
Jun 09, 2014 11:48:53 PM org.springframework.context.support.AbstractApplicationContext$BeanPostProcessorChecker postProcessAfterInitialization
INFO: Bean &apos;entityManagerFactory&apos; of type [class org.springframework.orm.jpa.LocalContainerEntityManagerFactoryBean] is not eligible for getting processed by all BeanPostProcessors (for example: not eligible for auto-proxying)
Jun 09, 2014 11:48:53 PM org.springframework.beans.factory.support.DefaultListableBeanFactory preInstantiateSingletons
INFO: Pre-instantiating singletons in org.springframework.beans.factory.support.DefaultListableBeanFactory@39c619f3: defining beans [dataSource,entityManagerFactory,transactionManager,org.springframework.dao.annotation.PersistenceExceptionTranslationPostProcessor#0,org.springframework.context.annotation.internalConfigurationAnnotationProcessor,org.springframework.context.annotation.internalAutowiredAnnotationProcessor,org.springframework.context.annotation.internalRequiredAnnotationProcessor,org.springframework.context.annotation.internalCommonAnnotationProcessor,org.springframework.context.annotation.internalPersistenceAnnotationProcessor,org.springframework.aop.config.internalAutoProxyCreator,org.springframework.transaction.annotation.AnnotationTransactionAttributeSource#0,org.springframework.transaction.interceptor.TransactionInterceptor#0,org.springframework.transaction.config.internalTransactionAdvisor,userDaoImpl,check,host,join,match,matchedPlayer,whosOnline,org.springframework.context.annotation.ConfigurationClassPostProcessor.importAwareProcessor]; root of factory hierarchy
Jun 09, 2014 11:48:53 PM org.springframework.test.context.transaction.TransactionalTestExecutionListener startNewTransaction
INFO: Began transaction (1): transaction manager [org.springframework.orm.jpa.JpaTransactionManager@1f5ae099]; rollback [true]
Jun 09, 2014 11:48:53 PM org.hibernate.hql.internal.ast.HqlSqlWalker generatePositionalParameter
WARN: [DEPRECATION] Encountered positional parameter near line 1, column 38.  Positional parameter are considered deprecated; use named parameters or JPA-style positional parameters instead.
Jun 09, 2014 11:48:54 PM org.hibernate.hql.internal.ast.HqlSqlWalker generatePositionalParameter
WARN: [DEPRECATION] Encountered positional parameter near line 1, column 57.  Positional parameter are considered deprecated; use named parameters or JPA-style positional parameters instead.
</system-err>
  </testcase>
  <testcase time="0.002" classname="ttt.model.dao.UserDaoTest" name="getPlayer"/>
  <testcase time="0.007" classname="ttt.model.dao.UserDaoTest" name="getSavedGames"/>
</testsuite>